Determining if the pthread_create exist failed with the following output:
Change Dir: /home/rossi/catkin_ws/build/CMakeFiles/CMakeTmp

Run Build Command:"/usr/bin/make" "cmTC_8869d/fast"
/usr/bin/make -f CMakeFiles/cmTC_8869d.dir/build.make CMakeFiles/cmTC_8869d.dir/build
make[1]: Entering directory '/home/rossi/catkin_ws/build/CMakeFiles/CMakeTmp'
Building C object CMakeFiles/cmTC_8869d.dir/CheckSymbolExists.c.o
/usr/bin/cc    -o CMakeFiles/cmTC_8869d.dir/CheckSymbolExists.c.o   -c /home/rossi/catkin_ws/build/CMakeFiles/CMakeTmp/CheckSymbolExists.c
Linking C executable cmTC_8869d
/usr/bin/cmake -E cmake_link_script CMakeFiles/cmTC_8869d.dir/link.txt --verbose=1
/usr/bin/cc      -rdynamic CMakeFiles/cmTC_8869d.dir/CheckSymbolExists.c.o  -o cmTC_8869d 
CMakeFiles/cmTC_8869d.dir/CheckSymbolExists.c.o: In function `main':
CheckSymbolExists.c:(.text+0x1b): undefined reference to `pthread_create'
collect2: error: ld returned 1 exit status
CMakeFiles/cmTC_8869d.dir/build.make:97: recipe for target 'cmTC_8869d' failed
make[1]: *** [cmTC_8869d] Error 1
make[1]: Leaving directory '/home/rossi/catkin_ws/build/CMakeFiles/CMakeTmp'
Makefile:126: recipe for target 'cmTC_8869d/fast' failed
make: *** [cmTC_8869d/fast] Error 2

File /home/rossi/catkin_ws/build/CMakeFiles/CMakeTmp/CheckSymbolExists.c:
/* */
#include <pthread.h>

int main(int argc, char** argv)
{
  (void)argv;
#ifndef pthread_create
  return ((int*)(&pthread_create))[argc];
#else
  (void)argc;
  return 0;
#endif
}

Determining if the function pthread_create exists in the pthreads failed with the following output:
Change Dir: /home/rossi/catkin_ws/build/CMakeFiles/CMakeTmp

Run Build Command:"/usr/bin/make" "cmTC_0adf4/fast"
/usr/bin/make -f CMakeFiles/cmTC_0adf4.dir/build.make CMakeFiles/cmTC_0adf4.dir/build
make[1]: Entering directory '/home/rossi/catkin_ws/build/CMakeFiles/CMakeTmp'
Building C object CMakeFiles/cmTC_0adf4.dir/CheckFunctionExists.c.o
/usr/bin/cc   -DCHECK_FUNCTION_EXISTS=pthread_create   -o CMakeFiles/cmTC_0adf4.dir/CheckFunctionExists.c.o   -c /usr/share/cmake-3.10/Modules/CheckFunctionExists.c
Linking C executable cmTC_0adf4
/usr/bin/cmake -E cmake_link_script CMakeFiles/cmTC_0adf4.dir/link.txt --verbose=1
/usr/bin/cc  -DCHECK_FUNCTION_EXISTS=pthread_create    -rdynamic CMakeFiles/cmTC_0adf4.dir/CheckFunctionExists.c.o  -o cmTC_0adf4 -lpthreads 
/usr/bin/ld: cannot find -lpthreads
collect2: error: ld returned 1 exit status
CMakeFiles/cmTC_0adf4.dir/build.make:97: recipe for target 'cmTC_0adf4' failed
make[1]: *** [cmTC_0adf4] Error 1
make[1]: Leaving directory '/home/rossi/catkin_ws/build/CMakeFiles/CMakeTmp'
Makefile:126: recipe for target 'cmTC_0adf4/fast' failed
make: *** [cmTC_0adf4/fast] Error 2


